0 info it worked if it ends with ok
1 verbose cli [ '/usr/bin/nodejs', '/usr/bin/npm', 'install' ]
2 info using npm@3.10.9
3 info using node@v6.9.2
4 silly loadCurrentTree Starting
5 silly install loadCurrentTree
6 silly install readLocalPackageData
7 silly install normalizeTree
8 silly loadCurrentTree Finishing
9 silly loadIdealTree Starting
10 silly install loadIdealTree
11 silly cloneCurrentTree Starting
12 silly install cloneCurrentTreeToIdealTree
13 silly cloneCurrentTree Finishing
14 silly loadShrinkwrap Starting
15 silly install loadShrinkwrap
16 silly loadShrinkwrap Finishing
17 silly loadAllDepsIntoIdealTree Starting
18 silly install loadAllDepsIntoIdealTree
19 silly fetchNamedPackageData fsevents
20 silly mapToRegistry name fsevents
21 silly mapToRegistry using default registry
22 silly mapToRegistry registry https://registry.npmjs.org/
23 silly mapToRegistry data Result {
23 silly mapToRegistry   raw: 'fsevents',
23 silly mapToRegistry   scope: null,
23 silly mapToRegistry   escapedName: 'fsevents',
23 silly mapToRegistry   name: 'fsevents',
23 silly mapToRegistry   rawSpec: '',
23 silly mapToRegistry   spec: 'latest',
23 silly mapToRegistry   type: 'tag' }
24 silly mapToRegistry uri https://registry.npmjs.org/fsevents
25 verbose request uri https://registry.npmjs.org/fsevents
26 verbose request no auth needed
27 info attempt registry request try #1 at 1:02:01 PM
28 verbose request id ddb4f48ecef34a00
29 verbose etag W/"58cbe1d5-d5e6"
30 verbose lastModified Fri, 17 Mar 2017 13:17:09 GMT
31 http request GET https://registry.npmjs.org/fsevents
32 http 304 https://registry.npmjs.org/fsevents
33 verbose headers { date: 'Sun, 16 Apr 2017 11:02:01 GMT',
33 verbose headers   via: '1.1 varnish',
33 verbose headers   'cache-control': 'max-age=300',
33 verbose headers   etag: 'W/"58cbe1d5-d5e6"',
33 verbose headers   age: '225',
33 verbose headers   connection: 'keep-alive',
33 verbose headers   'x-served-by': 'cache-fra1248-FRA',
33 verbose headers   'x-cache': 'HIT',
33 verbose headers   'x-cache-hits': '4',
33 verbose headers   'x-timer': 'S1492340521.468300,VS0,VE0',
33 verbose headers   vary: 'Accept-Encoding' }
34 silly get cb [ 304,
34 silly get   { date: 'Sun, 16 Apr 2017 11:02:01 GMT',
34 silly get     via: '1.1 varnish',
34 silly get     'cache-control': 'max-age=300',
34 silly get     etag: 'W/"58cbe1d5-d5e6"',
34 silly get     age: '225',
34 silly get     connection: 'keep-alive',
34 silly get     'x-served-by': 'cache-fra1248-FRA',
34 silly get     'x-cache': 'HIT',
34 silly get     'x-cache-hits': '4',
34 silly get     'x-timer': 'S1492340521.468300,VS0,VE0',
34 silly get     vary: 'Accept-Encoding' } ]
35 verbose etag https://registry.npmjs.org/fsevents from cache
36 verbose get saving fsevents to /home/dinokeskic/.npm/registry.npmjs.org/fsevents/.cache.json
37 verbose correctMkdir /home/dinokeskic/.npm correctMkdir not in flight; initializing
38 silly resolveWithNewModule fsevents@1.1.1 checking installable status
39 silly loadAllDepsIntoIdealTree Finishing
40 silly loadIdealTree Finishing
41 silly currentTree react-native-svg-mock@1.0.2
41 silly currentTree ├── absolute-path@0.0.0
41 silly currentTree ├── accepts@1.2.13
41 silly currentTree ├─┬ acorn-jsx@3.0.1
41 silly currentTree │ └── acorn@3.3.0
41 silly currentTree ├── acorn@5.0.3
41 silly currentTree ├── ajv-keywords@1.5.1
41 silly currentTree ├── ajv@4.11.6
41 silly currentTree ├── align-text@0.1.4
41 silly currentTree ├── ansi-escapes@1.4.0
41 silly currentTree ├── ansi-regex@2.1.1
41 silly currentTree ├── ansi-styles@2.2.1
41 silly currentTree ├── ansi@0.3.1
41 silly currentTree ├── anymatch@1.3.0
41 silly currentTree ├── are-we-there-yet@1.1.2
41 silly currentTree ├── argparse@1.0.9
41 silly currentTree ├── arr-diff@2.0.0
41 silly currentTree ├── arr-flatten@1.0.2
41 silly currentTree ├── array-differ@1.0.0
41 silly currentTree ├── array-filter@0.0.1
41 silly currentTree ├── array-map@0.0.0
41 silly currentTree ├── array-reduce@0.0.0
41 silly currentTree ├── array-union@1.0.2
41 silly currentTree ├── array-uniq@1.0.3
41 silly currentTree ├── array-unique@0.2.1
41 silly currentTree ├── array.prototype.find@2.0.4
41 silly currentTree ├── arrify@1.0.1
41 silly currentTree ├── art@0.10.1
41 silly currentTree ├── asap@2.0.5
41 silly currentTree ├── asn1@0.2.3
41 silly currentTree ├── assert-plus@0.2.0
41 silly currentTree ├── assertion-error@1.0.2
41 silly currentTree ├── async-each@1.0.1
41 silly currentTree ├── async@2.3.0
41 silly currentTree ├── asynckit@0.4.0
41 silly currentTree ├── aws-sign2@0.6.0
41 silly currentTree ├── aws4@1.6.0
41 silly currentTree ├── babel-cli@6.24.1
41 silly currentTree ├── babel-code-frame@6.22.0
41 silly currentTree ├── babel-core@6.24.1
41 silly currentTree ├── babel-eslint@6.1.2
41 silly currentTree ├── babel-generator@6.24.1
41 silly currentTree ├── babel-helper-builder-react-jsx@6.24.1
41 silly currentTree ├── babel-helper-call-delegate@6.24.1
41 silly currentTree ├── babel-helper-define-map@6.24.1
41 silly currentTree ├── babel-helper-function-name@6.24.1
41 silly currentTree ├── babel-helper-get-function-arity@6.24.1
41 silly currentTree ├── babel-helper-hoist-variables@6.24.1
41 silly currentTree ├── babel-helper-optimise-call-expression@6.24.1
41 silly currentTree ├── babel-helper-regex@6.24.1
41 silly currentTree ├── babel-helper-remap-async-to-generator@6.24.1
41 silly currentTree ├── babel-helper-replace-supers@6.24.1
41 silly currentTree ├── babel-helpers@6.24.1
41 silly currentTree ├── babel-messages@6.23.0
41 silly currentTree ├── babel-plugin-check-es2015-constants@6.22.0
41 silly currentTree ├── babel-plugin-external-helpers@6.22.0
41 silly currentTree ├── babel-plugin-react-transform@2.0.2
41 silly currentTree ├── babel-plugin-syntax-async-functions@6.13.0
41 silly currentTree ├── babel-plugin-syntax-class-properties@6.13.0
41 silly currentTree ├── babel-plugin-syntax-flow@6.18.0
41 silly currentTree ├── babel-plugin-syntax-jsx@6.18.0
41 silly currentTree ├── babel-plugin-syntax-object-rest-spread@6.13.0
41 silly currentTree ├── babel-plugin-syntax-trailing-function-commas@6.22.0
41 silly currentTree ├── babel-plugin-transform-async-to-generator@6.16.0
41 silly currentTree ├── babel-plugin-transform-class-properties@6.24.1
41 silly currentTree ├── babel-plugin-transform-es2015-arrow-functions@6.22.0
41 silly currentTree ├── babel-plugin-transform-es2015-block-scoped-functions@6.22.0
41 silly currentTree ├── babel-plugin-transform-es2015-block-scoping@6.24.1
41 silly currentTree ├── babel-plugin-transform-es2015-classes@6.24.1
41 silly currentTree ├── babel-plugin-transform-es2015-computed-properties@6.24.1
41 silly currentTree ├── babel-plugin-transform-es2015-destructuring@6.23.0
41 silly currentTree ├── babel-plugin-transform-es2015-for-of@6.23.0
41 silly currentTree ├── babel-plugin-transform-es2015-function-name@6.24.1
41 silly currentTree ├── babel-plugin-transform-es2015-literals@6.22.0
41 silly currentTree ├── babel-plugin-transform-es2015-modules-commonjs@6.24.1
41 silly currentTree ├── babel-plugin-transform-es2015-object-super@6.24.1
41 silly currentTree ├── babel-plugin-transform-es2015-parameters@6.24.1
41 silly currentTree ├── babel-plugin-transform-es2015-shorthand-properties@6.24.1
41 silly currentTree ├── babel-plugin-transform-es2015-spread@6.22.0
41 silly currentTree ├── babel-plugin-transform-es2015-sticky-regex@6.24.1
41 silly currentTree ├── babel-plugin-transform-es2015-template-literals@6.22.0
41 silly currentTree ├── babel-plugin-transform-es2015-unicode-regex@6.24.1
41 silly currentTree ├── babel-plugin-transform-es3-member-expression-literals@6.22.0
41 silly currentTree ├── babel-plugin-transform-es3-property-literals@6.22.0
41 silly currentTree ├── babel-plugin-transform-flow-strip-types@6.22.0
41 silly currentTree ├── babel-plugin-transform-object-assign@6.22.0
41 silly currentTree ├── babel-plugin-transform-object-rest-spread@6.23.0
41 silly currentTree ├── babel-plugin-transform-react-display-name@6.23.0
41 silly currentTree ├── babel-plugin-transform-react-jsx-source@6.22.0
41 silly currentTree ├── babel-plugin-transform-react-jsx@6.24.1
41 silly currentTree ├── babel-plugin-transform-regenerator@6.24.1
41 silly currentTree ├── babel-plugin-transform-strict-mode@6.24.1
41 silly currentTree ├── babel-polyfill@6.23.0
41 silly currentTree ├── babel-preset-es2015-node@6.1.1
41 silly currentTree ├── babel-preset-fbjs@2.1.0
41 silly currentTree ├── babel-preset-react-native@1.9.1
41 silly currentTree ├── babel-register@6.24.1
41 silly currentTree ├── babel-runtime@6.23.0
41 silly currentTree ├── babel-template@6.24.1
41 silly currentTree ├── babel-traverse@6.24.1
41 silly currentTree ├── babel-types@6.24.1
41 silly currentTree ├── babel@6.23.0
41 silly currentTree ├── babylon@6.16.1
41 silly currentTree ├── balanced-match@0.4.2
41 silly currentTree ├── base64-js@1.2.0
41 silly currentTree ├── base64-url@1.2.1
41 silly currentTree ├── basic-auth-connect@1.0.0
41 silly currentTree ├── basic-auth@1.0.4
41 silly currentTree ├── batch@0.5.3
41 silly currentTree ├── bcrypt-pbkdf@1.0.1
41 silly currentTree ├── beeper@1.1.1
41 silly currentTree ├── binary-extensions@1.8.0
41 silly currentTree ├─┬ body-parser@1.13.3
41 silly currentTree │ ├── debug@2.2.0
41 silly currentTree │ ├── iconv-lite@0.4.11
41 silly currentTree │ └── ms@0.7.1
41 silly currentTree ├── boolbase@1.0.0
41 silly currentTree ├── boom@2.10.1
41 silly currentTree ├── bplist-creator@0.0.4
41 silly currentTree ├── bplist-parser@0.0.6
41 silly currentTree ├── brace-expansion@1.1.7
41 silly currentTree ├── braces@1.8.5
41 silly currentTree ├── browser-stdout@1.3.0
41 silly currentTree ├── bser@1.0.3
41 silly currentTree ├── buffer-shims@1.0.0
41 silly currentTree ├── builtin-modules@1.1.1
41 silly currentTree ├── bytes@2.1.0
41 silly currentTree ├── caller-path@0.1.0
41 silly currentTree ├── callsites@0.2.0
41 silly currentTree ├── camelcase@1.2.1
41 silly currentTree ├── caseless@0.12.0
41 silly currentTree ├── center-align@0.1.3
41 silly currentTree ├── chai@3.5.0
41 silly currentTree ├── chalk@1.1.3
41 silly currentTree ├── cheerio@0.22.0
41 silly currentTree ├── chokidar@1.6.1
41 silly currentTree ├── circular-json@0.3.1
41 silly currentTree ├── cli-cursor@1.0.2
41 silly currentTree ├── cli-width@2.1.0
41 silly currentTree ├─┬ cliui@2.1.0
41 silly currentTree │ └── wordwrap@0.0.2
41 silly currentTree ├── clone-stats@0.0.1
41 silly currentTree ├── clone@1.0.2
41 silly currentTree ├── co@4.6.0
41 silly currentTree ├── code-point-at@1.1.0
41 silly currentTree ├── combined-stream@1.0.5
41 silly currentTree ├── commander@2.9.0
41 silly currentTree ├── compressible@2.0.10
41 silly currentTree ├─┬ compression@1.5.2
41 silly currentTree │ ├── debug@2.2.0
41 silly currentTree │ └── ms@0.7.1
41 silly currentTree ├── concat-map@0.0.1
41 silly currentTree ├── concat-stream@1.6.0
41 silly currentTree ├─┬ connect-timeout@1.6.2
41 silly currentTree │ ├── debug@2.2.0
41 silly currentTree │ └── ms@0.7.1
41 silly currentTree ├─┬ connect@2.30.2
41 silly currentTree │ ├── debug@2.2.0
41 silly currentTree │ └── ms@0.7.1
41 silly currentTree ├── content-type@1.0.2
41 silly currentTree ├── convert-source-map@1.5.0
41 silly currentTree ├── cookie-parser@1.3.5
41 silly currentTree ├── cookie-signature@1.0.6
41 silly currentTree ├── cookie@0.1.3
41 silly currentTree ├── core-js@2.4.1
41 silly currentTree ├── core-util-is@1.0.2
41 silly currentTree ├── crc@3.3.0
41 silly currentTree ├─┬ cross-env@3.2.4
41 silly currentTree │ └── cross-spawn@5.1.0
41 silly currentTree ├── cross-spawn@3.0.1
41 silly currentTree ├── cryptiles@2.0.5
41 silly currentTree ├── csrf@3.0.6
41 silly currentTree ├── css-select@1.2.0
41 silly currentTree ├── css-what@2.1.0
41 silly currentTree ├── csurf@1.8.3
41 silly currentTree ├── cubic-bezier@0.1.2
41 silly currentTree ├── d@1.0.0
41 silly currentTree ├─┬ dashdash@1.14.1
41 silly currentTree │ └── assert-plus@1.0.0
41 silly currentTree ├── dateformat@2.0.0
41 silly currentTree ├── debug@2.6.3
41 silly currentTree ├── decamelize@1.2.0
41 silly currentTree ├─┬ deep-eql@0.1.3
41 silly currentTree │ └── type-detect@0.1.1
41 silly currentTree ├── deep-is@0.1.3
41 silly currentTree ├── define-properties@1.1.2
41 silly currentTree ├── del@2.2.2
41 silly currentTree ├── delayed-stream@1.0.0
41 silly currentTree ├── delegates@1.0.0
41 silly currentTree ├── denodeify@1.2.1
41 silly currentTree ├── depd@1.0.1
41 silly currentTree ├── destroy@1.0.4
41 silly currentTree ├── detect-indent@4.0.0
41 silly currentTree ├── diff@1.4.0
41 silly currentTree ├── doctrine@2.0.0
41 silly currentTree ├─┬ dom-serializer@0.1.0
41 silly currentTree │ └── domelementtype@1.1.3
41 silly currentTree ├── dom-walk@0.1.1
41 silly currentTree ├── domelementtype@1.3.0
41 silly currentTree ├── domhandler@2.3.0
41 silly currentTree ├── domutils@1.5.1
41 silly currentTree ├─┬ duplexer2@0.0.2
41 silly currentTree │ ├── isarray@0.0.1
41 silly currentTree │ ├── readable-stream@1.1.14
41 silly currentTree │ └── string_decoder@0.10.31
41 silly currentTree ├── ecc-jsbn@0.1.1
41 silly currentTree ├── ee-first@1.1.1
41 silly currentTree ├── encoding@0.1.12
41 silly currentTree ├── entities@1.1.1
41 silly currentTree ├── enzyme@2.8.2
41 silly currentTree ├── errno@0.1.4
41 silly currentTree ├── error-ex@1.3.1
41 silly currentTree ├─┬ errorhandler@1.4.3
41 silly currentTree │ ├── accepts@1.3.3
41 silly currentTree │ └── negotiator@0.6.1
41 silly currentTree ├── es-abstract@1.7.0
41 silly currentTree ├── es-to-primitive@1.1.1
41 silly currentTree ├── es5-ext@0.10.15
41 silly currentTree ├── es6-iterator@2.0.1
41 silly currentTree ├── es6-map@0.1.5
41 silly currentTree ├── es6-set@0.1.5
41 silly currentTree ├── es6-symbol@3.1.1
41 silly currentTree ├── es6-weak-map@2.0.2
41 silly currentTree ├── escape-html@1.0.3
41 silly currentTree ├── escape-string-regexp@1.0.5
41 silly currentTree ├── escope@3.6.0
41 silly currentTree ├── eslint-config-defaults@9.0.0
41 silly currentTree ├── eslint-plugin-filenames@1.2.0
41 silly currentTree ├─┬ eslint-plugin-react@6.10.3
41 silly currentTree │ └── doctrine@1.5.0
41 silly currentTree ├─┬ eslint@3.19.0
41 silly currentTree │ └── user-home@2.0.0
41 silly currentTree ├── espree@3.4.1
41 silly currentTree ├── esprima@3.1.3
41 silly currentTree ├── esquery@1.0.0
41 silly currentTree ├─┬ esrecurse@4.1.0
41 silly currentTree │ └── estraverse@4.1.1
41 silly currentTree ├── estraverse@4.2.0
41 silly currentTree ├── esutils@2.0.2
41 silly currentTree ├── etag@1.7.0
41 silly currentTree ├── event-emitter@0.3.5
41 silly currentTree ├── event-target-shim@1.1.1
41 silly currentTree ├── exec-sh@0.2.0
41 silly currentTree ├── exit-hook@1.1.1
41 silly currentTree ├── expand-brackets@0.1.5
41 silly currentTree ├── expand-range@1.8.2
41 silly currentTree ├─┬ express-session@1.11.3
41 silly currentTree │ ├── debug@2.2.0
41 silly currentTree │ ├── ms@0.7.1
41 silly currentTree │ └── uid-safe@2.0.0
41 silly currentTree ├── extend@3.0.0
41 silly currentTree ├── extglob@0.3.2
41 silly currentTree ├── extsprintf@1.0.2
41 silly currentTree ├── fancy-log@1.3.0
41 silly currentTree ├── fast-levenshtein@2.0.6
41 silly currentTree ├─┬ fb-watchman@2.0.0
41 silly currentTree │ └── bser@2.0.0
41 silly currentTree ├─┬ fbjs-scripts@0.7.1
41 silly currentTree │ ├── babel-preset-fbjs@1.0.0
41 silly currentTree │ └── core-js@1.2.7
41 silly currentTree ├─┬ fbjs@0.8.12
41 silly currentTree │ └── core-js@1.2.7
41 silly currentTree ├── figures@1.7.0
41 silly currentTree ├── file-entry-cache@2.0.0
41 silly currentTree ├── filename-regex@2.0.0
41 silly currentTree ├── fill-range@2.2.3
41 silly currentTree ├─┬ finalhandler@0.4.0
41 silly currentTree │ ├── debug@2.2.0
41 silly currentTree │ ├── escape-html@1.0.2
41 silly currentTree │ └── ms@0.7.1
41 silly currentTree ├── find-up@1.1.2
41 silly currentTree ├── flat-cache@1.2.2
41 silly currentTree ├── for-in@1.0.2
41 silly currentTree ├── for-own@0.1.5
41 silly currentTree ├── foreach@2.0.5
41 silly currentTree ├── forever-agent@0.6.1
41 silly currentTree ├─┬ form-data@2.1.4
41 silly currentTree │ └── mime-types@2.1.15
41 silly currentTree ├── fresh@0.3.0
41 silly currentTree ├── fs-extra@0.26.7
41 silly currentTree ├── fs-readdir-recursive@1.0.0
41 silly currentTree ├── fs.realpath@1.0.0
41 silly currentTree ├── function-bind@1.1.0
41 silly currentTree ├── function.prototype.name@1.0.0
41 silly currentTree ├── gauge@1.2.7
41 silly currentTree ├── generate-function@2.0.0
41 silly currentTree ├── generate-object-property@1.2.0
41 silly currentTree ├── get-caller-file@1.0.2
41 silly currentTree ├─┬ getpass@0.1.6
41 silly currentTree │ └── assert-plus@1.0.0
41 silly currentTree ├── glob-base@0.3.0
41 silly currentTree ├── glob-parent@2.0.0
41 silly currentTree ├── glob@7.1.1
41 silly currentTree ├── global@4.3.1
41 silly currentTree ├── globals@9.17.0
41 silly currentTree ├── globby@5.0.0
41 silly currentTree ├── glogg@1.0.0
41 silly currentTree ├── graceful-fs@4.1.11
41 silly currentTree ├── graceful-readlink@1.0.1
41 silly currentTree ├── growl@1.9.2
41 silly currentTree ├─┬ gulp-util@3.0.8
41 silly currentTree │ ├── minimist@1.2.0
41 silly currentTree │ └── object-assign@3.0.0
41 silly currentTree ├── gulplog@1.0.0
41 silly currentTree ├── har-schema@1.0.5
41 silly currentTree ├── har-validator@4.2.1
41 silly currentTree ├── has-ansi@2.0.0
41 silly currentTree ├── has-flag@1.0.0
41 silly currentTree ├── has-gulplog@0.1.0
41 silly currentTree ├── has-unicode@2.0.1
41 silly currentTree ├── has@1.0.1
41 silly currentTree ├── hawk@3.1.3
41 silly currentTree ├── hoek@2.16.3
41 silly currentTree ├── home-or-tmp@2.0.0
41 silly currentTree ├── hosted-git-info@2.4.2
41 silly currentTree ├── htmlparser2@3.9.2
41 silly currentTree ├── http-errors@1.3.1
41 silly currentTree ├── http-signature@1.1.1
41 silly currentTree ├── iconv-lite@0.4.15
41 silly currentTree ├── ignore@3.2.7
41 silly currentTree ├── image-size@0.3.5
41 silly currentTree ├── immutable@3.7.6
41 silly currentTree ├── imurmurhash@0.1.4
41 silly currentTree ├── inflight@1.0.6
41 silly currentTree ├── inherits@2.0.3
41 silly currentTree ├── inquirer@0.12.0
41 silly currentTree ├── interpret@1.0.2
41 silly currentTree ├── invariant@2.2.2
41 silly currentTree ├── invert-kv@1.0.0
41 silly currentTree ├── is-arrayish@0.2.1
41 silly currentTree ├── is-binary-path@1.0.1
41 silly currentTree ├── is-buffer@1.1.5
41 silly currentTree ├── is-builtin-module@1.0.0
41 silly currentTree ├── is-callable@1.1.3
41 silly currentTree ├── is-date-object@1.0.1
41 silly currentTree ├── is-dotfile@1.0.2
41 silly currentTree ├── is-equal-shallow@0.1.3
41 silly currentTree ├── is-extendable@0.1.1
41 silly currentTree ├── is-extglob@1.0.0
41 silly currentTree ├── is-finite@1.0.2
41 silly currentTree ├── is-fullwidth-code-point@1.0.0
41 silly currentTree ├── is-glob@2.0.1
41 silly currentTree ├── is-my-json-valid@2.16.0
41 silly currentTree ├── is-number@2.1.0
41 silly currentTree ├── is-path-cwd@1.0.0
41 silly currentTree ├── is-path-in-cwd@1.0.0
41 silly currentTree ├── is-path-inside@1.0.0
41 silly currentTree ├── is-posix-bracket@0.1.1
41 silly currentTree ├── is-primitive@2.0.0
41 silly currentTree ├── is-property@1.0.2
41 silly currentTree ├── is-regex@1.0.4
41 silly currentTree ├── is-resolvable@1.0.0
41 silly currentTree ├── is-stream@1.1.0
41 silly currentTree ├── is-subset@0.1.1
41 silly currentTree ├── is-symbol@1.0.1
41 silly currentTree ├── is-typedarray@1.0.0
41 silly currentTree ├── is-utf8@0.2.1
41 silly currentTree ├── is-windows@1.0.0
41 silly currentTree ├── isarray@1.0.0
41 silly currentTree ├── isemail@1.2.0
41 silly currentTree ├── isexe@2.0.0
41 silly currentTree ├── isobject@2.1.0
41 silly currentTree ├── isomorphic-fetch@2.2.1
41 silly currentTree ├── isstream@0.1.2
41 silly currentTree ├─┬ jest-haste-map@19.0.0
41 silly currentTree │ ├── bser@1.0.2
41 silly currentTree │ ├── minimist@1.2.0
41 silly currentTree │ └─┬ sane@1.5.0
41 silly currentTree │   └── fb-watchman@1.9.2
41 silly currentTree ├── jodid25519@1.0.2
41 silly currentTree ├── joi@6.10.1
41 silly currentTree ├── js-tokens@3.0.1
41 silly currentTree ├── js-yaml@3.8.3
41 silly currentTree ├── jsbn@0.1.1
41 silly currentTree ├── jsesc@1.3.0
41 silly currentTree ├── json-schema@0.2.3
41 silly currentTree ├── json-stable-stringify@1.0.1
41 silly currentTree ├── json-stringify-safe@5.0.1
41 silly currentTree ├── json3@3.3.2
41 silly currentTree ├── json5@0.5.1
41 silly currentTree ├── jsonfile@2.4.0
41 silly currentTree ├── jsonify@0.0.0
41 silly currentTree ├── jsonpointer@4.0.1
41 silly currentTree ├─┬ jsprim@1.4.0
41 silly currentTree │ └── assert-plus@1.0.0
41 silly currentTree ├── jsx-ast-utils@1.4.0
41 silly currentTree ├── keymirror@0.1.1
41 silly currentTree ├── kind-of@3.1.0
41 silly currentTree ├── klaw@1.3.1
41 silly currentTree ├── lazy-cache@1.0.4
41 silly currentTree ├── lcid@1.0.0
41 silly currentTree ├── left-pad@1.1.3
41 silly currentTree ├── levn@0.3.0
41 silly currentTree ├─┬ load-json-file@1.1.0
41 silly currentTree │ └── strip-bom@2.0.0
41 silly currentTree ├── lodash._baseassign@3.2.0
41 silly currentTree ├── lodash._basecopy@3.0.1
41 silly currentTree ├── lodash._basecreate@3.0.3
41 silly currentTree ├── lodash._basetostring@3.0.1
41 silly currentTree ├── lodash._basevalues@3.0.0
41 silly currentTree ├── lodash._getnative@3.9.1
41 silly currentTree ├── lodash._isiterateecall@3.0.9
41 silly currentTree ├── lodash._reescape@3.0.0
41 silly currentTree ├── lodash._reevaluate@3.0.0
41 silly currentTree ├── lodash._reinterpolate@3.0.0
41 silly currentTree ├── lodash._root@3.0.1
41 silly currentTree ├── lodash.assign@4.2.0
41 silly currentTree ├── lodash.assignin@4.2.0
41 silly currentTree ├── lodash.bind@4.2.1
41 silly currentTree ├── lodash.camelcase@4.3.0
41 silly currentTree ├── lodash.create@3.1.1
41 silly currentTree ├── lodash.defaults@4.2.0
41 silly currentTree ├── lodash.escape@3.2.0
41 silly currentTree ├── lodash.filter@4.6.0
41 silly currentTree ├── lodash.flatten@4.4.0
41 silly currentTree ├── lodash.foreach@4.5.0
41 silly currentTree ├── lodash.isarguments@3.1.0
41 silly currentTree ├── lodash.isarray@3.0.4
41 silly currentTree ├── lodash.kebabcase@4.1.1
41 silly currentTree ├── lodash.keys@3.1.2
41 silly currentTree ├── lodash.map@4.6.0
41 silly currentTree ├── lodash.merge@4.6.0
41 silly currentTree ├── lodash.pad@4.5.1
41 silly currentTree ├── lodash.padend@4.6.1
41 silly currentTree ├── lodash.padstart@4.6.1
41 silly currentTree ├── lodash.pick@4.4.0
41 silly currentTree ├── lodash.pickby@4.6.0
41 silly currentTree ├── lodash.reduce@4.6.0
41 silly currentTree ├── lodash.reject@4.6.0
41 silly currentTree ├── lodash.restparam@3.6.1
41 silly currentTree ├── lodash.snakecase@4.1.1
41 silly currentTree ├── lodash.some@4.6.0
41 silly currentTree ├── lodash.template@3.6.2
41 silly currentTree ├── lodash.templatesettings@3.1.1
41 silly currentTree ├── lodash.upperfirst@4.3.1
41 silly currentTree ├── lodash@4.17.4
41 silly currentTree ├── longest@1.0.1
41 silly currentTree ├── loose-envify@1.3.1
41 silly currentTree ├── lru-cache@4.0.2
41 silly currentTree ├── makeerror@1.0.11
41 silly currentTree ├── media-typer@0.3.0
41 silly currentTree ├── merge@1.2.0
41 silly currentTree ├─┬ method-override@2.3.8
41 silly currentTree │ └── vary@1.1.1
41 silly currentTree ├── methods@1.1.2
41 silly currentTree ├── micromatch@2.3.11
41 silly currentTree ├── mime-db@1.27.0
41 silly currentTree ├─┬ mime-types@2.1.11
41 silly currentTree │ └── mime-db@1.23.0
41 silly currentTree ├── mime@1.3.4
41 silly currentTree ├── min-document@2.19.0
41 silly currentTree ├── minimatch@3.0.3
41 silly currentTree ├── minimist@0.0.8
41 silly currentTree ├── mkdirp@0.5.1
41 silly currentTree ├─┬ mocha@3.2.0
41 silly currentTree │ ├── debug@2.2.0
41 silly currentTree │ ├── glob@7.0.5
41 silly currentTree │ ├── ms@0.7.1
41 silly currentTree │ └── supports-color@3.1.2
41 silly currentTree ├── moment@2.18.1
41 silly currentTree ├─┬ morgan@1.6.1
41 silly currentTree │ ├── debug@2.2.0
41 silly currentTree │ └── ms@0.7.1
41 silly currentTree ├── ms@0.7.2
41 silly currentTree ├─┬ multiparty@3.3.2
41 silly currentTree │ ├── isarray@0.0.1
41 silly currentTree │ ├── readable-stream@1.1.14
41 silly currentTree │ └── string_decoder@0.10.31
41 silly currentTree ├── multipipe@0.1.2
41 silly currentTree ├── mute-stream@0.0.5
41 silly currentTree ├── natural-compare@1.4.0
41 silly currentTree ├── negotiator@0.5.3
41 silly currentTree ├── node-fetch@1.6.3
41 silly currentTree ├── node-int64@0.4.0
41 silly currentTree ├── node-uuid@1.4.7
41 silly currentTree ├── normalize-package-data@2.3.6
41 silly currentTree ├── normalize-path@2.1.1
41 silly currentTree ├── npmlog@2.0.4
41 silly currentTree ├── nth-check@1.0.1
41 silly currentTree ├── number-is-nan@1.0.1
41 silly currentTree ├── oauth-sign@0.8.2
41 silly currentTree ├── object-assign@4.1.1
41 silly currentTree ├── object-is@1.0.1
41 silly currentTree ├── object-keys@1.0.11
41 silly currentTree ├── object.assign@4.0.4
41 silly currentTree ├── object.entries@1.0.4
41 silly currentTree ├── object.omit@2.0.1
41 silly currentTree ├── object.values@1.0.4
41 silly currentTree ├── on-finished@2.3.0
41 silly currentTree ├── on-headers@1.0.1
41 silly currentTree ├── once@1.4.0
41 silly currentTree ├── onetime@1.1.0
41 silly currentTree ├── opn@3.0.3
41 silly currentTree ├─┬ optimist@0.6.1
41 silly currentTree │ └── wordwrap@0.0.3
41 silly currentTree ├── optionator@0.8.2
41 silly currentTree ├── options@0.0.6
41 silly currentTree ├── os-homedir@1.0.2
41 silly currentTree ├── os-locale@1.4.0
41 silly currentTree ├── os-tmpdir@1.0.2
41 silly currentTree ├── output-file-sync@1.1.2
41 silly currentTree ├── parse-glob@3.0.4
41 silly currentTree ├── parse-json@2.2.0
41 silly currentTree ├── parseurl@1.3.1
41 silly currentTree ├── path-exists@2.1.0
41 silly currentTree ├── path-is-absolute@1.0.1
41 silly currentTree ├── path-is-inside@1.0.2
41 silly currentTree ├── path-parse@1.0.5
41 silly currentTree ├── path-type@1.1.0
41 silly currentTree ├── pause@0.1.0
41 silly currentTree ├── pegjs@0.9.0
41 silly currentTree ├── performance-now@0.2.0
41 silly currentTree ├── pify@2.3.0
41 silly currentTree ├── pinkie-promise@2.0.1
41 silly currentTree ├── pinkie@2.0.4
41 silly currentTree ├─┬ plist@1.2.0
41 silly currentTree │ └── base64-js@0.0.8
41 silly currentTree ├── pluralize@1.2.1
41 silly currentTree ├── prelude-ls@1.1.2
41 silly currentTree ├── preserve@0.2.0
41 silly currentTree ├── private@0.1.7
41 silly currentTree ├── process-nextick-args@1.0.7
41 silly currentTree ├── process@0.5.2
41 silly currentTree ├── progress@1.1.8
41 silly currentTree ├── promise@7.1.1
41 silly currentTree ├── prop-types@15.5.8
41 silly currentTree ├── prr@0.0.0
41 silly currentTree ├── pseudomap@1.0.2
41 silly currentTree ├── punycode@1.4.1
41 silly currentTree ├── qs@4.0.0
41 silly currentTree ├── raf@3.3.0
41 silly currentTree ├── random-bytes@1.0.0
41 silly currentTree ├── randomatic@1.1.6
41 silly currentTree ├── range-parser@1.0.3
41 silly currentTree ├─┬ raw-body@2.1.7
41 silly currentTree │ ├── bytes@2.4.0
41 silly currentTree │ └── iconv-lite@0.4.13
41 silly currentTree ├── react-addons-create-fragment@15.5.3
41 silly currentTree ├── react-addons-perf@15.4.2
41 silly currentTree ├── react-addons-pure-render-mixin@15.5.2
41 silly currentTree ├── react-addons-test-utils@15.5.1
41 silly currentTree ├── react-addons-update@15.5.2
41 silly currentTree ├── react-clone-referenced-element@1.0.1
41 silly currentTree ├── react-deep-force-update@1.0.1
41 silly currentTree ├─┬ react-devtools-core@2.0.12
41 silly currentTree │ └── ws@2.2.3
41 silly currentTree ├── react-dom@15.5.4
41 silly currentTree ├── react-native-mock@0.3.1
41 silly currentTree ├─┬ react-native@0.43.3
41 silly currentTree │ ├── glob@5.0.15
41 silly currentTree │ ├── json5@0.4.0
41 silly currentTree │ ├── minimist@1.2.0
41 silly currentTree │ ├── regenerator-runtime@0.9.6
41 silly currentTree │ └── whatwg-fetch@1.1.1
41 silly currentTree ├── react-proxy@1.1.8
41 silly currentTree ├── react-timer-mixin@0.13.3
41 silly currentTree ├── react-transform-hmr@1.0.4
41 silly currentTree ├── react@15.5.4
41 silly currentTree ├── read-pkg-up@1.0.1
41 silly currentTree ├── read-pkg@1.1.0
41 silly currentTree ├── readable-stream@2.2.9
41 silly currentTree ├── readdirp@2.1.0
41 silly currentTree ├── readline2@1.0.1
41 silly currentTree ├── rebound@0.0.13
41 silly currentTree ├── rechoir@0.6.2
41 silly currentTree ├── regenerate@1.3.2
41 silly currentTree ├── regenerator-runtime@0.10.3
41 silly currentTree ├── regenerator-transform@0.9.11
41 silly currentTree ├── regex-cache@0.4.3
41 silly currentTree ├── regexpu-core@2.0.0
41 silly currentTree ├── regjsgen@0.2.0
41 silly currentTree ├─┬ regjsparser@0.1.5
41 silly currentTree │ └── jsesc@0.5.0
41 silly currentTree ├── remove-trailing-separator@1.0.1
41 silly currentTree ├── repeat-element@1.1.2
41 silly currentTree ├── repeat-string@1.6.1
41 silly currentTree ├── repeating@2.0.1
41 silly currentTree ├── replace-ext@0.0.1
41 silly currentTree ├─┬ request@2.81.0
41 silly currentTree │ ├── qs@6.4.0
41 silly currentTree │ └── uuid@3.0.1
41 silly currentTree ├── require-directory@2.1.1
41 silly currentTree ├── require-main-filename@1.0.1
41 silly currentTree ├── require-uncached@1.0.3
41 silly currentTree ├── resolve-from@1.0.1
41 silly currentTree ├── resolve@1.3.2
41 silly currentTree ├─┬ response-time@2.3.2
41 silly currentTree │ └── depd@1.1.0
41 silly currentTree ├── restore-cursor@1.0.1
41 silly currentTree ├── right-align@0.1.3
41 silly currentTree ├── rimraf@2.6.1
41 silly currentTree ├── rndm@1.2.0
41 silly currentTree ├── run-async@0.1.0
41 silly currentTree ├── rx-lite@3.1.2
41 silly currentTree ├── safe-buffer@5.0.1
41 silly currentTree ├─┬ sane@1.4.1
41 silly currentTree │ ├── bser@1.0.2
41 silly currentTree │ ├── fb-watchman@1.9.2
41 silly currentTree │ └── minimist@1.2.0
41 silly currentTree ├── sax@1.1.6
41 silly currentTree ├── semver@5.3.0
41 silly currentTree ├─┬ send@0.13.2
41 silly currentTree │ ├── debug@2.2.0
41 silly currentTree │ ├── depd@1.1.0
41 silly currentTree │ ├── ms@0.7.1
41 silly currentTree │ └── statuses@1.2.1
41 silly currentTree ├── serve-favicon@2.3.2
41 silly currentTree ├─┬ serve-index@1.7.3
41 silly currentTree │ ├── debug@2.2.0
41 silly currentTree │ └── ms@0.7.1
41 silly currentTree ├── serve-static@1.10.3
41 silly currentTree ├── set-blocking@2.0.0
41 silly currentTree ├── set-immediate-shim@1.0.1
41 silly currentTree ├── setimmediate@1.0.5
41 silly currentTree ├── shebang-command@1.2.0
41 silly currentTree ├── shebang-regex@1.0.0
41 silly currentTree ├── shell-quote@1.6.1
41 silly currentTree ├── shelljs@0.7.7
41 silly currentTree ├── simple-plist@0.1.4
41 silly currentTree ├── slash@1.0.0
41 silly currentTree ├── slice-ansi@0.0.4
41 silly currentTree ├── slide@1.1.6
41 silly currentTree ├── sntp@1.0.9
41 silly currentTree ├── source-map-support@0.4.14
41 silly currentTree ├── source-map@0.5.6
41 silly currentTree ├── sparkles@1.0.0
41 silly currentTree ├── spdx-correct@1.0.2
41 silly currentTree ├── spdx-expression-parse@1.0.4
41 silly currentTree ├── spdx-license-ids@1.2.2
41 silly currentTree ├── sprintf-js@1.0.3
41 silly currentTree ├─┬ sshpk@1.13.0
41 silly currentTree │ └── assert-plus@1.0.0
41 silly currentTree ├── stacktrace-parser@0.1.4
41 silly currentTree ├── statuses@1.3.1
41 silly currentTree ├── stream-buffers@0.2.6
41 silly currentTree ├─┬ stream-counter@0.2.0
41 silly currentTree │ ├── isarray@0.0.1
41 silly currentTree │ ├── readable-stream@1.1.14
41 silly currentTree │ └── string_decoder@0.10.31
41 silly currentTree ├── string_decoder@1.0.0
41 silly currentTree ├── string-width@1.0.2
41 silly currentTree ├── stringstream@0.0.5
41 silly currentTree ├── strip-ansi@3.0.1
41 silly currentTree ├── strip-bom@3.0.0
41 silly currentTree ├── strip-json-comments@2.0.1
41 silly currentTree ├── supports-color@2.0.0
41 silly currentTree ├─┬ table@3.8.3
41 silly currentTree │ ├── is-fullwidth-code-point@2.0.0
41 silly currentTree │ └── string-width@2.0.0
41 silly currentTree ├─┬ temp@0.8.3
41 silly currentTree │ └── rimraf@2.2.8
41 silly currentTree ├── text-table@0.2.0
41 silly currentTree ├── throat@3.0.0
41 silly currentTree ├── through@2.3.8
41 silly currentTree ├── through2@2.0.3
41 silly currentTree ├── time-stamp@1.0.1
41 silly currentTree ├── tmpl@1.0.4
41 silly currentTree ├── to-fast-properties@1.0.2
41 silly currentTree ├── topo@1.1.0
41 silly currentTree ├── tough-cookie@2.3.2
41 silly currentTree ├── trim-right@1.0.1
41 silly currentTree ├── tryit@1.0.3
41 silly currentTree ├── tsscmp@1.0.5
41 silly currentTree ├── tunnel-agent@0.6.0
41 silly currentTree ├── tweetnacl@0.14.5
41 silly currentTree ├── type-check@0.3.2
41 silly currentTree ├── type-detect@1.0.0
41 silly currentTree ├─┬ type-is@1.6.15
41 silly currentTree │ └── mime-types@2.1.15
41 silly currentTree ├── typedarray@0.0.6
41 silly currentTree ├── ua-parser-js@0.7.12
41 silly currentTree ├─┬ uglify-js@2.8.22
41 silly currentTree │ └── yargs@3.10.0
41 silly currentTree ├── uglify-to-browserify@1.0.2
41 silly currentTree ├── uid-safe@2.1.4
41 silly currentTree ├── ultron@1.1.0
41 silly currentTree ├── unpipe@1.0.0
41 silly currentTree ├── user-home@1.1.1
41 silly currentTree ├── util-deprecate@1.0.2
41 silly currentTree ├── utils-merge@1.0.0
41 silly currentTree ├── uuid@2.0.3
41 silly currentTree ├── v8flags@2.0.12
41 silly currentTree ├── validate-npm-package-license@3.0.1
41 silly currentTree ├── vary@1.0.1
41 silly currentTree ├── verror@1.3.6
41 silly currentTree ├── vhost@3.0.2
41 silly currentTree ├── vinyl@0.5.3
41 silly currentTree ├── walker@1.0.7
41 silly currentTree ├── warning@2.1.0
41 silly currentTree ├── watch@0.10.0
41 silly currentTree ├── whatwg-fetch@2.0.3
41 silly currentTree ├── which-module@1.0.0
41 silly currentTree ├── which@1.2.14
41 silly currentTree ├── window-size@0.1.0
41 silly currentTree ├── wordwrap@1.0.0
41 silly currentTree ├── worker-farm@1.3.1
41 silly currentTree ├── wrap-ansi@2.1.0
41 silly currentTree ├── wrappy@1.0.2
41 silly currentTree ├── write-file-atomic@1.3.1
41 silly currentTree ├── write@0.2.1
41 silly currentTree ├─┬ ws@1.1.4
41 silly currentTree │ └── ultron@1.0.2
41 silly currentTree ├── xcode@0.8.9
41 silly currentTree ├─┬ xmlbuilder@4.0.0
41 silly currentTree │ └── lodash@3.10.1
41 silly currentTree ├── xmldoc@0.4.0
41 silly currentTree ├── xmldom@0.1.27
41 silly currentTree ├── xpipe@1.0.5
41 silly currentTree ├── xtend@4.0.1
41 silly currentTree ├── y18n@3.2.1
41 silly currentTree ├── yallist@2.1.2
41 silly currentTree ├─┬ yargs-parser@4.2.1
41 silly currentTree │ └── camelcase@3.0.0
41 silly currentTree └─┬ yargs@6.6.0
41 silly currentTree   ├── camelcase@3.0.0
41 silly currentTree   └── cliui@3.2.0
42 silly idealTree react-native-svg-mock@1.0.2
42 silly idealTree ├── absolute-path@0.0.0
42 silly idealTree ├── accepts@1.2.13
42 silly idealTree ├─┬ acorn-jsx@3.0.1
42 silly idealTree │ └── acorn@3.3.0
42 silly idealTree ├── acorn@5.0.3
42 silly idealTree ├── ajv-keywords@1.5.1
42 silly idealTree ├── ajv@4.11.6
42 silly idealTree ├── align-text@0.1.4
42 silly idealTree ├── ansi-escapes@1.4.0
42 silly idealTree ├── ansi-regex@2.1.1
42 silly idealTree ├── ansi-styles@2.2.1
42 silly idealTree ├── ansi@0.3.1
42 silly idealTree ├── anymatch@1.3.0
42 silly idealTree ├── are-we-there-yet@1.1.2
42 silly idealTree ├── argparse@1.0.9
42 silly idealTree ├── arr-diff@2.0.0
42 silly idealTree ├── arr-flatten@1.0.2
42 silly idealTree ├── array-differ@1.0.0
42 silly idealTree ├── array-filter@0.0.1
42 silly idealTree ├── array-map@0.0.0
42 silly idealTree ├── array-reduce@0.0.0
42 silly idealTree ├── array-union@1.0.2
42 silly idealTree ├── array-uniq@1.0.3
42 silly idealTree ├── array-unique@0.2.1
42 silly idealTree ├── array.prototype.find@2.0.4
42 silly idealTree ├── arrify@1.0.1
42 silly idealTree ├── art@0.10.1
42 silly idealTree ├── asap@2.0.5
42 silly idealTree ├── asn1@0.2.3
42 silly idealTree ├── assert-plus@0.2.0
42 silly idealTree ├── assertion-error@1.0.2
42 silly idealTree ├── async-each@1.0.1
42 silly idealTree ├── async@2.3.0
42 silly idealTree ├── asynckit@0.4.0
42 silly idealTree ├── aws-sign2@0.6.0
42 silly idealTree ├── aws4@1.6.0
42 silly idealTree ├── babel-cli@6.24.1
42 silly idealTree ├── babel-code-frame@6.22.0
42 silly idealTree ├── babel-core@6.24.1
42 silly idealTree ├── babel-eslint@6.1.2
42 silly idealTree ├── babel-generator@6.24.1
42 silly idealTree ├── babel-helper-builder-react-jsx@6.24.1
42 silly idealTree ├── babel-helper-call-delegate@6.24.1
42 silly idealTree ├── babel-helper-define-map@6.24.1
42 silly idealTree ├── babel-helper-function-name@6.24.1
42 silly idealTree ├── babel-helper-get-function-arity@6.24.1
42 silly idealTree ├── babel-helper-hoist-variables@6.24.1
42 silly idealTree ├── babel-helper-optimise-call-expression@6.24.1
42 silly idealTree ├── babel-helper-regex@6.24.1
42 silly idealTree ├── babel-helper-remap-async-to-generator@6.24.1
42 silly idealTree ├── babel-helper-replace-supers@6.24.1
42 silly idealTree ├── babel-helpers@6.24.1
42 silly idealTree ├── babel-messages@6.23.0
42 silly idealTree ├── babel-plugin-check-es2015-constants@6.22.0
42 silly idealTree ├── babel-plugin-external-helpers@6.22.0
42 silly idealTree ├── babel-plugin-react-transform@2.0.2
42 silly idealTree ├── babel-plugin-syntax-async-functions@6.13.0
42 silly idealTree ├── babel-plugin-syntax-class-properties@6.13.0
42 silly idealTree ├── babel-plugin-syntax-flow@6.18.0
42 silly idealTree ├── babel-plugin-syntax-jsx@6.18.0
42 silly idealTree ├── babel-plugin-syntax-object-rest-spread@6.13.0
42 silly idealTree ├── babel-plugin-syntax-trailing-function-commas@6.22.0
42 silly idealTree ├── babel-plugin-transform-async-to-generator@6.16.0
42 silly idealTree ├── babel-plugin-transform-class-properties@6.24.1
42 silly idealTree ├── babel-plugin-transform-es2015-arrow-functions@6.22.0
42 silly idealTree ├── babel-plugin-transform-es2015-block-scoped-functions@6.22.0
42 silly idealTree ├── babel-plugin-transform-es2015-block-scoping@6.24.1
42 silly idealTree ├── babel-plugin-transform-es2015-classes@6.24.1
42 silly idealTree ├── babel-plugin-transform-es2015-computed-properties@6.24.1
42 silly idealTree ├── babel-plugin-transform-es2015-destructuring@6.23.0
42 silly idealTree ├── babel-plugin-transform-es2015-for-of@6.23.0
42 silly idealTree ├── babel-plugin-transform-es2015-function-name@6.24.1
42 silly idealTree ├── babel-plugin-transform-es2015-literals@6.22.0
42 silly idealTree ├── babel-plugin-transform-es2015-modules-commonjs@6.24.1
42 silly idealTree ├── babel-plugin-transform-es2015-object-super@6.24.1
42 silly idealTree ├── babel-plugin-transform-es2015-parameters@6.24.1
42 silly idealTree ├── babel-plugin-transform-es2015-shorthand-properties@6.24.1
42 silly idealTree ├── babel-plugin-transform-es2015-spread@6.22.0
42 silly idealTree ├── babel-plugin-transform-es2015-sticky-regex@6.24.1
42 silly idealTree ├── babel-plugin-transform-es2015-template-literals@6.22.0
42 silly idealTree ├── babel-plugin-transform-es2015-unicode-regex@6.24.1
42 silly idealTree ├── babel-plugin-transform-es3-member-expression-literals@6.22.0
42 silly idealTree ├── babel-plugin-transform-es3-property-literals@6.22.0
42 silly idealTree ├── babel-plugin-transform-flow-strip-types@6.22.0
42 silly idealTree ├── babel-plugin-transform-object-assign@6.22.0
42 silly idealTree ├── babel-plugin-transform-object-rest-spread@6.23.0
42 silly idealTree ├── babel-plugin-transform-react-display-name@6.23.0
42 silly idealTree ├── babel-plugin-transform-react-jsx-source@6.22.0
42 silly idealTree ├── babel-plugin-transform-react-jsx@6.24.1
42 silly idealTree ├── babel-plugin-transform-regenerator@6.24.1
42 silly idealTree ├── babel-plugin-transform-strict-mode@6.24.1
42 silly idealTree ├── babel-polyfill@6.23.0
42 silly idealTree ├── babel-preset-es2015-node@6.1.1
42 silly idealTree ├── babel-preset-fbjs@2.1.0
42 silly idealTree ├── babel-preset-react-native@1.9.1
42 silly idealTree ├── babel-register@6.24.1
42 silly idealTree ├── babel-runtime@6.23.0
42 silly idealTree ├── babel-template@6.24.1
42 silly idealTree ├── babel-traverse@6.24.1
42 silly idealTree ├── babel-types@6.24.1
42 silly idealTree ├── babel@6.23.0
42 silly idealTree ├── babylon@6.16.1
42 silly idealTree ├── balanced-match@0.4.2
42 silly idealTree ├── base64-js@1.2.0
42 silly idealTree ├── base64-url@1.2.1
42 silly idealTree ├── basic-auth-connect@1.0.0
42 silly idealTree ├── basic-auth@1.0.4
42 silly idealTree ├── batch@0.5.3
42 silly idealTree ├── bcrypt-pbkdf@1.0.1
42 silly idealTree ├── beeper@1.1.1
42 silly idealTree ├── binary-extensions@1.8.0
42 silly idealTree ├─┬ body-parser@1.13.3
42 silly idealTree │ ├── debug@2.2.0
42 silly idealTree │ ├── iconv-lite@0.4.11
42 silly idealTree │ └── ms@0.7.1
42 silly idealTree ├── boolbase@1.0.0
42 silly idealTree ├── boom@2.10.1
42 silly idealTree ├── bplist-creator@0.0.4
42 silly idealTree ├── bplist-parser@0.0.6
42 silly idealTree ├── brace-expansion@1.1.7
42 silly idealTree ├── braces@1.8.5
42 silly idealTree ├── browser-stdout@1.3.0
42 silly idealTree ├── bser@1.0.3
42 silly idealTree ├── buffer-shims@1.0.0
42 silly idealTree ├── builtin-modules@1.1.1
42 silly idealTree ├── bytes@2.1.0
42 silly idealTree ├── caller-path@0.1.0
42 silly idealTree ├── callsites@0.2.0
42 silly idealTree ├── camelcase@1.2.1
42 silly idealTree ├── caseless@0.12.0
42 silly idealTree ├── center-align@0.1.3
42 silly idealTree ├── chai@3.5.0
42 silly idealTree ├── chalk@1.1.3
42 silly idealTree ├── cheerio@0.22.0
42 silly idealTree ├── chokidar@1.6.1
42 silly idealTree ├── circular-json@0.3.1
42 silly idealTree ├── cli-cursor@1.0.2
42 silly idealTree ├── cli-width@2.1.0
42 silly idealTree ├─┬ cliui@2.1.0
42 silly idealTree │ └── wordwrap@0.0.2
42 silly idealTree ├── clone-stats@0.0.1
42 silly idealTree ├── clone@1.0.2
42 silly idealTree ├── co@4.6.0
42 silly idealTree ├── code-point-at@1.1.0
42 silly idealTree ├── combined-stream@1.0.5
42 silly idealTree ├── commander@2.9.0
42 silly idealTree ├── compressible@2.0.10
42 silly idealTree ├─┬ compression@1.5.2
42 silly idealTree │ ├── debug@2.2.0
42 silly idealTree │ └── ms@0.7.1
42 silly idealTree ├── concat-map@0.0.1
42 silly idealTree ├── concat-stream@1.6.0
42 silly idealTree ├─┬ connect-timeout@1.6.2
42 silly idealTree │ ├── debug@2.2.0
42 silly idealTree │ └── ms@0.7.1
42 silly idealTree ├─┬ connect@2.30.2
42 silly idealTree │ ├── debug@2.2.0
42 silly idealTree │ └── ms@0.7.1
42 silly idealTree ├── content-type@1.0.2
42 silly idealTree ├── convert-source-map@1.5.0
42 silly idealTree ├── cookie-parser@1.3.5
42 silly idealTree ├── cookie-signature@1.0.6
42 silly idealTree ├── cookie@0.1.3
42 silly idealTree ├── core-js@2.4.1
42 silly idealTree ├── core-util-is@1.0.2
42 silly idealTree ├── crc@3.3.0
42 silly idealTree ├─┬ cross-env@3.2.4
42 silly idealTree │ └── cross-spawn@5.1.0
42 silly idealTree ├── cross-spawn@3.0.1
42 silly idealTree ├── cryptiles@2.0.5
42 silly idealTree ├── csrf@3.0.6
42 silly idealTree ├── css-select@1.2.0
42 silly idealTree ├── css-what@2.1.0
42 silly idealTree ├── csurf@1.8.3
42 silly idealTree ├── cubic-bezier@0.1.2
42 silly idealTree ├── d@1.0.0
42 silly idealTree ├─┬ dashdash@1.14.1
42 silly idealTree │ └── assert-plus@1.0.0
42 silly idealTree ├── dateformat@2.0.0
42 silly idealTree ├── debug@2.6.3
42 silly idealTree ├── decamelize@1.2.0
42 silly idealTree ├─┬ deep-eql@0.1.3
42 silly idealTree │ └── type-detect@0.1.1
42 silly idealTree ├── deep-is@0.1.3
42 silly idealTree ├── define-properties@1.1.2
42 silly idealTree ├── del@2.2.2
42 silly idealTree ├── delayed-stream@1.0.0
42 silly idealTree ├── delegates@1.0.0
42 silly idealTree ├── denodeify@1.2.1
42 silly idealTree ├── depd@1.0.1
42 silly idealTree ├── destroy@1.0.4
42 silly idealTree ├── detect-indent@4.0.0
42 silly idealTree ├── diff@1.4.0
42 silly idealTree ├── doctrine@2.0.0
42 silly idealTree ├─┬ dom-serializer@0.1.0
42 silly idealTree │ └── domelementtype@1.1.3
42 silly idealTree ├── dom-walk@0.1.1
42 silly idealTree ├── domelementtype@1.3.0
42 silly idealTree ├── domhandler@2.3.0
42 silly idealTree ├── domutils@1.5.1
42 silly idealTree ├─┬ duplexer2@0.0.2
42 silly idealTree │ ├── isarray@0.0.1
42 silly idealTree │ ├── readable-stream@1.1.14
42 silly idealTree │ └── string_decoder@0.10.31
42 silly idealTree ├── ecc-jsbn@0.1.1
42 silly idealTree ├── ee-first@1.1.1
42 silly idealTree ├── encoding@0.1.12
42 silly idealTree ├── entities@1.1.1
42 silly idealTree ├── enzyme@2.8.2
42 silly idealTree ├── errno@0.1.4
42 silly idealTree ├── error-ex@1.3.1
42 silly idealTree ├─┬ errorhandler@1.4.3
42 silly idealTree │ ├── accepts@1.3.3
42 silly idealTree │ └── negotiator@0.6.1
42 silly idealTree ├── es-abstract@1.7.0
42 silly idealTree ├── es-to-primitive@1.1.1
42 silly idealTree ├── es5-ext@0.10.15
42 silly idealTree ├── es6-iterator@2.0.1
42 silly idealTree ├── es6-map@0.1.5
42 silly idealTree ├── es6-set@0.1.5
42 silly idealTree ├── es6-symbol@3.1.1
42 silly idealTree ├── es6-weak-map@2.0.2
42 silly idealTree ├── escape-html@1.0.3
42 silly idealTree ├── escape-string-regexp@1.0.5
42 silly idealTree ├── escope@3.6.0
42 silly idealTree ├── eslint-config-defaults@9.0.0
42 silly idealTree ├── eslint-plugin-filenames@1.2.0
42 silly idealTree ├─┬ eslint-plugin-react@6.10.3
42 silly idealTree │ └── doctrine@1.5.0
42 silly idealTree ├─┬ eslint@3.19.0
42 silly idealTree │ └── user-home@2.0.0
42 silly idealTree ├── espree@3.4.1
42 silly idealTree ├── esprima@3.1.3
42 silly idealTree ├── esquery@1.0.0
42 silly idealTree ├─┬ esrecurse@4.1.0
42 silly idealTree │ └── estraverse@4.1.1
42 silly idealTree ├── estraverse@4.2.0
42 silly idealTree ├── esutils@2.0.2
42 silly idealTree ├── etag@1.7.0
42 silly idealTree ├── event-emitter@0.3.5
42 silly idealTree ├── event-target-shim@1.1.1
42 silly idealTree ├── exec-sh@0.2.0
42 silly idealTree ├── exit-hook@1.1.1
42 silly idealTree ├── expand-brackets@0.1.5
42 silly idealTree ├── expand-range@1.8.2
42 silly idealTree ├─┬ express-session@1.11.3
42 silly idealTree │ ├── debug@2.2.0
42 silly idealTree │ ├── ms@0.7.1
42 silly idealTree │ └── uid-safe@2.0.0
42 silly idealTree ├── extend@3.0.0
42 silly idealTree ├── extglob@0.3.2
42 silly idealTree ├── extsprintf@1.0.2
42 silly idealTree ├── fancy-log@1.3.0
42 silly idealTree ├── fast-levenshtein@2.0.6
42 silly idealTree ├─┬ fb-watchman@2.0.0
42 silly idealTree │ └── bser@2.0.0
42 silly idealTree ├─┬ fbjs-scripts@0.7.1
42 silly idealTree │ ├── babel-preset-fbjs@1.0.0
42 silly idealTree │ └── core-js@1.2.7
42 silly idealTree ├─┬ fbjs@0.8.12
42 silly idealTree │ └── core-js@1.2.7
42 silly idealTree ├── figures@1.7.0
42 silly idealTree ├── file-entry-cache@2.0.0
42 silly idealTree ├── filename-regex@2.0.0
42 silly idealTree ├── fill-range@2.2.3
42 silly idealTree ├─┬ finalhandler@0.4.0
42 silly idealTree │ ├── debug@2.2.0
42 silly idealTree │ ├── escape-html@1.0.2
42 silly idealTree │ └── ms@0.7.1
42 silly idealTree ├── find-up@1.1.2
42 silly idealTree ├── flat-cache@1.2.2
42 silly idealTree ├── for-in@1.0.2
42 silly idealTree ├── for-own@0.1.5
42 silly idealTree ├── foreach@2.0.5
42 silly idealTree ├── forever-agent@0.6.1
42 silly idealTree ├─┬ form-data@2.1.4
42 silly idealTree │ └── mime-types@2.1.15
42 silly idealTree ├── fresh@0.3.0
42 silly idealTree ├── fs-extra@0.26.7
42 silly idealTree ├── fs-readdir-recursive@1.0.0
42 silly idealTree ├── fs.realpath@1.0.0
42 silly idealTree ├── function-bind@1.1.0
42 silly idealTree ├── function.prototype.name@1.0.0
42 silly idealTree ├── gauge@1.2.7
42 silly idealTree ├── generate-function@2.0.0
42 silly idealTree ├── generate-object-property@1.2.0
42 silly idealTree ├── get-caller-file@1.0.2
42 silly idealTree ├─┬ getpass@0.1.6
42 silly idealTree │ └── assert-plus@1.0.0
42 silly idealTree ├── glob-base@0.3.0
42 silly idealTree ├── glob-parent@2.0.0
42 silly idealTree ├── glob@7.1.1
42 silly idealTree ├── global@4.3.1
42 silly idealTree ├── globals@9.17.0
42 silly idealTree ├── globby@5.0.0
42 silly idealTree ├── glogg@1.0.0
42 silly idealTree ├── graceful-fs@4.1.11
42 silly idealTree ├── graceful-readlink@1.0.1
42 silly idealTree ├── growl@1.9.2
42 silly idealTree ├─┬ gulp-util@3.0.8
42 silly idealTree │ ├── minimist@1.2.0
42 silly idealTree │ └── object-assign@3.0.0
42 silly idealTree ├── gulplog@1.0.0
42 silly idealTree ├── har-schema@1.0.5
42 silly idealTree ├── har-validator@4.2.1
42 silly idealTree ├── has-ansi@2.0.0
42 silly idealTree ├── has-flag@1.0.0
42 silly idealTree ├── has-gulplog@0.1.0
42 silly idealTree ├── has-unicode@2.0.1
42 silly idealTree ├── has@1.0.1
42 silly idealTree ├── hawk@3.1.3
42 silly idealTree ├── hoek@2.16.3
42 silly idealTree ├── home-or-tmp@2.0.0
42 silly idealTree ├── hosted-git-info@2.4.2
42 silly idealTree ├── htmlparser2@3.9.2
42 silly idealTree ├── http-errors@1.3.1
42 silly idealTree ├── http-signature@1.1.1
42 silly idealTree ├── iconv-lite@0.4.15
42 silly idealTree ├── ignore@3.2.7
42 silly idealTree ├── image-size@0.3.5
42 silly idealTree ├── immutable@3.7.6
42 silly idealTree ├── imurmurhash@0.1.4
42 silly idealTree ├── inflight@1.0.6
42 silly idealTree ├── inherits@2.0.3
42 silly idealTree ├── inquirer@0.12.0
42 silly idealTree ├── interpret@1.0.2
42 silly idealTree ├── invariant@2.2.2
42 silly idealTree ├── invert-kv@1.0.0
42 silly idealTree ├── is-arrayish@0.2.1
42 silly idealTree ├── is-binary-path@1.0.1
42 silly idealTree ├── is-buffer@1.1.5
42 silly idealTree ├── is-builtin-module@1.0.0
42 silly idealTree ├── is-callable@1.1.3
42 silly idealTree ├── is-date-object@1.0.1
42 silly idealTree ├── is-dotfile@1.0.2
42 silly idealTree ├── is-equal-shallow@0.1.3
42 silly idealTree ├── is-extendable@0.1.1
42 silly idealTree ├── is-extglob@1.0.0
42 silly idealTree ├── is-finite@1.0.2
42 silly idealTree ├── is-fullwidth-code-point@1.0.0
42 silly idealTree ├── is-glob@2.0.1
42 silly idealTree ├── is-my-json-valid@2.16.0
42 silly idealTree ├── is-number@2.1.0
42 silly idealTree ├── is-path-cwd@1.0.0
42 silly idealTree ├── is-path-in-cwd@1.0.0
42 silly idealTree ├── is-path-inside@1.0.0
42 silly idealTree ├── is-posix-bracket@0.1.1
42 silly idealTree ├── is-primitive@2.0.0
42 silly idealTree ├── is-property@1.0.2
42 silly idealTree ├── is-regex@1.0.4
42 silly idealTree ├── is-resolvable@1.0.0
42 silly idealTree ├── is-stream@1.1.0
42 silly idealTree ├── is-subset@0.1.1
42 silly idealTree ├── is-symbol@1.0.1
42 silly idealTree ├── is-typedarray@1.0.0
42 silly idealTree ├── is-utf8@0.2.1
42 silly idealTree ├── is-windows@1.0.0
42 silly idealTree ├── isarray@1.0.0
42 silly idealTree ├── isemail@1.2.0
42 silly idealTree ├── isexe@2.0.0
42 silly idealTree ├── isobject@2.1.0
42 silly idealTree ├── isomorphic-fetch@2.2.1
42 silly idealTree ├── isstream@0.1.2
42 silly idealTree ├─┬ jest-haste-map@19.0.0
42 silly idealTree │ ├── bser@1.0.2
42 silly idealTree │ ├── minimist@1.2.0
42 silly idealTree │ └─┬ sane@1.5.0
42 silly idealTree │   └── fb-watchman@1.9.2
42 silly idealTree ├── jodid25519@1.0.2
42 silly idealTree ├── joi@6.10.1
42 silly idealTree ├── js-tokens@3.0.1
42 silly idealTree ├── js-yaml@3.8.3
42 silly idealTree ├── jsbn@0.1.1
42 silly idealTree ├── jsesc@1.3.0
42 silly idealTree ├── json-schema@0.2.3
42 silly idealTree ├── json-stable-stringify@1.0.1
42 silly idealTree ├── json-stringify-safe@5.0.1
42 silly idealTree ├── json3@3.3.2
42 silly idealTree ├── json5@0.5.1
42 silly idealTree ├── jsonfile@2.4.0
42 silly idealTree ├── jsonify@0.0.0
42 silly idealTree ├── jsonpointer@4.0.1
42 silly idealTree ├─┬ jsprim@1.4.0
42 silly idealTree │ └── assert-plus@1.0.0
42 silly idealTree ├── jsx-ast-utils@1.4.0
42 silly idealTree ├── keymirror@0.1.1
42 silly idealTree ├── kind-of@3.1.0
42 silly idealTree ├── klaw@1.3.1
42 silly idealTree ├── lazy-cache@1.0.4
42 silly idealTree ├── lcid@1.0.0
42 silly idealTree ├── left-pad@1.1.3
42 silly idealTree ├── levn@0.3.0
42 silly idealTree ├─┬ load-json-file@1.1.0
42 silly idealTree │ └── strip-bom@2.0.0
42 silly idealTree ├── lodash._baseassign@3.2.0
42 silly idealTree ├── lodash._basecopy@3.0.1
42 silly idealTree ├── lodash._basecreate@3.0.3
42 silly idealTree ├── lodash._basetostring@3.0.1
42 silly idealTree ├── lodash._basevalues@3.0.0
42 silly idealTree ├── lodash._getnative@3.9.1
42 silly idealTree ├── lodash._isiterateecall@3.0.9
42 silly idealTree ├── lodash._reescape@3.0.0
42 silly idealTree ├── lodash._reevaluate@3.0.0
42 silly idealTree ├── lodash._reinterpolate@3.0.0
42 silly idealTree ├── lodash._root@3.0.1
42 silly idealTree ├── lodash.assign@4.2.0
42 silly idealTree ├── lodash.assignin@4.2.0
42 silly idealTree ├── lodash.bind@4.2.1
42 silly idealTree ├── lodash.camelcase@4.3.0
42 silly idealTree ├── lodash.create@3.1.1
42 silly idealTree ├── lodash.defaults@4.2.0
42 silly idealTree ├── lodash.escape@3.2.0
42 silly idealTree ├── lodash.filter@4.6.0
42 silly idealTree ├── lodash.flatten@4.4.0
42 silly idealTree ├── lodash.foreach@4.5.0
42 silly idealTree ├── lodash.isarguments@3.1.0
42 silly idealTree ├── lodash.isarray@3.0.4
42 silly idealTree ├── lodash.kebabcase@4.1.1
42 silly idealTree ├── lodash.keys@3.1.2
42 silly idealTree ├── lodash.map@4.6.0
42 silly idealTree ├── lodash.merge@4.6.0
42 silly idealTree ├── lodash.pad@4.5.1
42 silly idealTree ├── lodash.padend@4.6.1
42 silly idealTree ├── lodash.padstart@4.6.1
42 silly idealTree ├── lodash.pick@4.4.0
42 silly idealTree ├── lodash.pickby@4.6.0
42 silly idealTree ├── lodash.reduce@4.6.0
42 silly idealTree ├── lodash.reject@4.6.0
42 silly idealTree ├── lodash.restparam@3.6.1
42 silly idealTree ├── lodash.snakecase@4.1.1
42 silly idealTree ├── lodash.some@4.6.0
42 silly idealTree ├── lodash.template@3.6.2
42 silly idealTree ├── lodash.templatesettings@3.1.1
42 silly idealTree ├── lodash.upperfirst@4.3.1
42 silly idealTree ├── lodash@4.17.4
42 silly idealTree ├── longest@1.0.1
42 silly idealTree ├── loose-envify@1.3.1
42 silly idealTree ├── lru-cache@4.0.2
42 silly idealTree ├── makeerror@1.0.11
42 silly idealTree ├── media-typer@0.3.0
42 silly idealTree ├── merge@1.2.0
42 silly idealTree ├─┬ method-override@2.3.8
42 silly idealTree │ └── vary@1.1.1
42 silly idealTree ├── methods@1.1.2
42 silly idealTree ├── micromatch@2.3.11
42 silly idealTree ├── mime-db@1.27.0
42 silly idealTree ├─┬ mime-types@2.1.11
42 silly idealTree │ └── mime-db@1.23.0
42 silly idealTree ├── mime@1.3.4
42 silly idealTree ├── min-document@2.19.0
42 silly idealTree ├── minimatch@3.0.3
42 silly idealTree ├── minimist@0.0.8
42 silly idealTree ├── mkdirp@0.5.1
42 silly idealTree ├─┬ mocha@3.2.0
42 silly idealTree │ ├── debug@2.2.0
42 silly idealTree │ ├── glob@7.0.5
42 silly idealTree │ ├── ms@0.7.1
42 silly idealTree │ └── supports-color@3.1.2
42 silly idealTree ├── moment@2.18.1
42 silly idealTree ├─┬ morgan@1.6.1
42 silly idealTree │ ├── debug@2.2.0
42 silly idealTree │ └── ms@0.7.1
42 silly idealTree ├── ms@0.7.2
42 silly idealTree ├─┬ multiparty@3.3.2
42 silly idealTree │ ├── isarray@0.0.1
42 silly idealTree │ ├── readable-stream@1.1.14
42 silly idealTree │ └── string_decoder@0.10.31
42 silly idealTree ├── multipipe@0.1.2
42 silly idealTree ├── mute-stream@0.0.5
42 silly idealTree ├── natural-compare@1.4.0
42 silly idealTree ├── negotiator@0.5.3
42 silly idealTree ├── node-fetch@1.6.3
42 silly idealTree ├── node-int64@0.4.0
42 silly idealTree ├── node-uuid@1.4.7
42 silly idealTree ├── normalize-package-data@2.3.6
42 silly idealTree ├── normalize-path@2.1.1
42 silly idealTree ├── npmlog@2.0.4
42 silly idealTree ├── nth-check@1.0.1
42 silly idealTree ├── number-is-nan@1.0.1
42 silly idealTree ├── oauth-sign@0.8.2
42 silly idealTree ├── object-assign@4.1.1
42 silly idealTree ├── object-is@1.0.1
42 silly idealTree ├── object-keys@1.0.11
42 silly idealTree ├── object.assign@4.0.4
42 silly idealTree ├── object.entries@1.0.4
42 silly idealTree ├── object.omit@2.0.1
42 silly idealTree ├── object.values@1.0.4
42 silly idealTree ├── on-finished@2.3.0
42 silly idealTree ├── on-headers@1.0.1
42 silly idealTree ├── once@1.4.0
42 silly idealTree ├── onetime@1.1.0
42 silly idealTree ├── opn@3.0.3
42 silly idealTree ├─┬ optimist@0.6.1
42 silly idealTree │ └── wordwrap@0.0.3
42 silly idealTree ├── optionator@0.8.2
42 silly idealTree ├── options@0.0.6
42 silly idealTree ├── os-homedir@1.0.2
42 silly idealTree ├── os-locale@1.4.0
42 silly idealTree ├── os-tmpdir@1.0.2
42 silly idealTree ├── output-file-sync@1.1.2
42 silly idealTree ├── parse-glob@3.0.4
42 silly idealTree ├── parse-json@2.2.0
42 silly idealTree ├── parseurl@1.3.1
42 silly idealTree ├── path-exists@2.1.0
42 silly idealTree ├── path-is-absolute@1.0.1
42 silly idealTree ├── path-is-inside@1.0.2
42 silly idealTree ├── path-parse@1.0.5
42 silly idealTree ├── path-type@1.1.0
42 silly idealTree ├── pause@0.1.0
42 silly idealTree ├── pegjs@0.9.0
42 silly idealTree ├── performance-now@0.2.0
42 silly idealTree ├── pify@2.3.0
42 silly idealTree ├── pinkie-promise@2.0.1
42 silly idealTree ├── pinkie@2.0.4
42 silly idealTree ├─┬ plist@1.2.0
42 silly idealTree │ └── base64-js@0.0.8
42 silly idealTree ├── pluralize@1.2.1
42 silly idealTree ├── prelude-ls@1.1.2
42 silly idealTree ├── preserve@0.2.0
42 silly idealTree ├── private@0.1.7
42 silly idealTree ├── process-nextick-args@1.0.7
42 silly idealTree ├── process@0.5.2
42 silly idealTree ├── progress@1.1.8
42 silly idealTree ├── promise@7.1.1
42 silly idealTree ├── prop-types@15.5.8
42 silly idealTree ├── prr@0.0.0
42 silly idealTree ├── pseudomap@1.0.2
42 silly idealTree ├── punycode@1.4.1
42 silly idealTree ├── qs@4.0.0
42 silly idealTree ├── raf@3.3.0
42 silly idealTree ├── random-bytes@1.0.0
42 silly idealTree ├── randomatic@1.1.6
42 silly idealTree ├── range-parser@1.0.3
42 silly idealTree ├─┬ raw-body@2.1.7
42 silly idealTree │ ├── bytes@2.4.0
42 silly idealTree │ └── iconv-lite@0.4.13
42 silly idealTree ├── react-addons-create-fragment@15.5.3
42 silly idealTree ├── react-addons-perf@15.4.2
42 silly idealTree ├── react-addons-pure-render-mixin@15.5.2
42 silly idealTree ├── react-addons-test-utils@15.5.1
42 silly idealTree ├── react-addons-update@15.5.2
42 silly idealTree ├── react-clone-referenced-element@1.0.1
42 silly idealTree ├── react-deep-force-update@1.0.1
42 silly idealTree ├─┬ react-devtools-core@2.0.12
42 silly idealTree │ └── ws@2.2.3
42 silly idealTree ├── react-dom@15.5.4
42 silly idealTree ├── react-native-mock@0.3.1
42 silly idealTree ├─┬ react-native@0.43.3
42 silly idealTree │ ├── glob@5.0.15
42 silly idealTree │ ├── json5@0.4.0
42 silly idealTree │ ├── minimist@1.2.0
42 silly idealTree │ ├── regenerator-runtime@0.9.6
42 silly idealTree │ └── whatwg-fetch@1.1.1
42 silly idealTree ├── react-proxy@1.1.8
42 silly idealTree ├── react-timer-mixin@0.13.3
42 silly idealTree ├── react-transform-hmr@1.0.4
42 silly idealTree ├── react@15.5.4
42 silly idealTree ├── read-pkg-up@1.0.1
42 silly idealTree ├── read-pkg@1.1.0
42 silly idealTree ├── readable-stream@2.2.9
42 silly idealTree ├── readdirp@2.1.0
42 silly idealTree ├── readline2@1.0.1
42 silly idealTree ├── rebound@0.0.13
42 silly idealTree ├── rechoir@0.6.2
42 silly idealTree ├── regenerate@1.3.2
42 silly idealTree ├── regenerator-runtime@0.10.3
42 silly idealTree ├── regenerator-transform@0.9.11
42 silly idealTree ├── regex-cache@0.4.3
42 silly idealTree ├── regexpu-core@2.0.0
42 silly idealTree ├── regjsgen@0.2.0
42 silly idealTree ├─┬ regjsparser@0.1.5
42 silly idealTree │ └── jsesc@0.5.0
42 silly idealTree ├── remove-trailing-separator@1.0.1
42 silly idealTree ├── repeat-element@1.1.2
42 silly idealTree ├── repeat-string@1.6.1
42 silly idealTree ├── repeating@2.0.1
42 silly idealTree ├── replace-ext@0.0.1
42 silly idealTree ├─┬ request@2.81.0
42 silly idealTree │ ├── qs@6.4.0
42 silly idealTree │ └── uuid@3.0.1
42 silly idealTree ├── require-directory@2.1.1
42 silly idealTree ├── require-main-filename@1.0.1
42 silly idealTree ├── require-uncached@1.0.3
42 silly idealTree ├── resolve-from@1.0.1
42 silly idealTree ├── resolve@1.3.2
42 silly idealTree ├─┬ response-time@2.3.2
42 silly idealTree │ └── depd@1.1.0
42 silly idealTree ├── restore-cursor@1.0.1
42 silly idealTree ├── right-align@0.1.3
42 silly idealTree ├── rimraf@2.6.1
42 silly idealTree ├── rndm@1.2.0
42 silly idealTree ├── run-async@0.1.0
42 silly idealTree ├── rx-lite@3.1.2
42 silly idealTree ├── safe-buffer@5.0.1
42 silly idealTree ├─┬ sane@1.4.1
42 silly idealTree │ ├── bser@1.0.2
42 silly idealTree │ ├── fb-watchman@1.9.2
42 silly idealTree │ └── minimist@1.2.0
42 silly idealTree ├── sax@1.1.6
42 silly idealTree ├── semver@5.3.0
42 silly idealTree ├─┬ send@0.13.2
42 silly idealTree │ ├── debug@2.2.0
42 silly idealTree │ ├── depd@1.1.0
42 silly idealTree │ ├── ms@0.7.1
42 silly idealTree │ └── statuses@1.2.1
42 silly idealTree ├── serve-favicon@2.3.2
42 silly idealTree ├─┬ serve-index@1.7.3
42 silly idealTree │ ├── debug@2.2.0
42 silly idealTree │ └── ms@0.7.1
42 silly idealTree ├── serve-static@1.10.3
42 silly idealTree ├── set-blocking@2.0.0
42 silly idealTree ├── set-immediate-shim@1.0.1
42 silly idealTree ├── setimmediate@1.0.5
42 silly idealTree ├── shebang-command@1.2.0
42 silly idealTree ├── shebang-regex@1.0.0
42 silly idealTree ├── shell-quote@1.6.1
42 silly idealTree ├── shelljs@0.7.7
42 silly idealTree ├── simple-plist@0.1.4
42 silly idealTree ├── slash@1.0.0
42 silly idealTree ├── slice-ansi@0.0.4
42 silly idealTree ├── slide@1.1.6
42 silly idealTree ├── sntp@1.0.9
42 silly idealTree ├── source-map-support@0.4.14
42 silly idealTree ├── source-map@0.5.6
42 silly idealTree ├── sparkles@1.0.0
42 silly idealTree ├── spdx-correct@1.0.2
42 silly idealTree ├── spdx-expression-parse@1.0.4
42 silly idealTree ├── spdx-license-ids@1.2.2
42 silly idealTree ├── sprintf-js@1.0.3
42 silly idealTree ├─┬ sshpk@1.13.0
42 silly idealTree │ └── assert-plus@1.0.0
42 silly idealTree ├── stacktrace-parser@0.1.4
42 silly idealTree ├── statuses@1.3.1
42 silly idealTree ├── stream-buffers@0.2.6
42 silly idealTree ├─┬ stream-counter@0.2.0
42 silly idealTree │ ├── isarray@0.0.1
42 silly idealTree │ ├── readable-stream@1.1.14
42 silly idealTree │ └── string_decoder@0.10.31
42 silly idealTree ├── string_decoder@1.0.0
42 silly idealTree ├── string-width@1.0.2
42 silly idealTree ├── stringstream@0.0.5
42 silly idealTree ├── strip-ansi@3.0.1
42 silly idealTree ├── strip-bom@3.0.0
42 silly idealTree ├── strip-json-comments@2.0.1
42 silly idealTree ├── supports-color@2.0.0
42 silly idealTree ├─┬ table@3.8.3
42 silly idealTree │ ├── is-fullwidth-code-point@2.0.0
42 silly idealTree │ └── string-width@2.0.0
42 silly idealTree ├─┬ temp@0.8.3
42 silly idealTree │ └── rimraf@2.2.8
42 silly idealTree ├── text-table@0.2.0
42 silly idealTree ├── throat@3.0.0
42 silly idealTree ├── through@2.3.8
42 silly idealTree ├── through2@2.0.3
42 silly idealTree ├── time-stamp@1.0.1
42 silly idealTree ├── tmpl@1.0.4
42 silly idealTree ├── to-fast-properties@1.0.2
42 silly idealTree ├── topo@1.1.0
42 silly idealTree ├── tough-cookie@2.3.2
42 silly idealTree ├── trim-right@1.0.1
42 silly idealTree ├── tryit@1.0.3
42 silly idealTree ├── tsscmp@1.0.5
42 silly idealTree ├── tunnel-agent@0.6.0
42 silly idealTree ├── tweetnacl@0.14.5
42 silly idealTree ├── type-check@0.3.2
42 silly idealTree ├── type-detect@1.0.0
42 silly idealTree ├─┬ type-is@1.6.15
42 silly idealTree │ └── mime-types@2.1.15
42 silly idealTree ├── typedarray@0.0.6
42 silly idealTree ├── ua-parser-js@0.7.12
42 silly idealTree ├─┬ uglify-js@2.8.22
42 silly idealTree │ └── yargs@3.10.0
42 silly idealTree ├── uglify-to-browserify@1.0.2
42 silly idealTree ├── uid-safe@2.1.4
42 silly idealTree ├── ultron@1.1.0
42 silly idealTree ├── unpipe@1.0.0
42 silly idealTree ├── user-home@1.1.1
42 silly idealTree ├── util-deprecate@1.0.2
42 silly idealTree ├── utils-merge@1.0.0
42 silly idealTree ├── uuid@2.0.3
42 silly idealTree ├── v8flags@2.0.12
42 silly idealTree ├── validate-npm-package-license@3.0.1
42 silly idealTree ├── vary@1.0.1
42 silly idealTree ├── verror@1.3.6
42 silly idealTree ├── vhost@3.0.2
42 silly idealTree ├── vinyl@0.5.3
42 silly idealTree ├── walker@1.0.7
42 silly idealTree ├── warning@2.1.0
42 silly idealTree ├── watch@0.10.0
42 silly idealTree ├── whatwg-fetch@2.0.3
42 silly idealTree ├── which-module@1.0.0
42 silly idealTree ├── which@1.2.14
42 silly idealTree ├── window-size@0.1.0
42 silly idealTree ├── wordwrap@1.0.0
42 silly idealTree ├── worker-farm@1.3.1
42 silly idealTree ├── wrap-ansi@2.1.0
42 silly idealTree ├── wrappy@1.0.2
42 silly idealTree ├── write-file-atomic@1.3.1
42 silly idealTree ├── write@0.2.1
42 silly idealTree ├─┬ ws@1.1.4
42 silly idealTree │ └── ultron@1.0.2
42 silly idealTree ├── xcode@0.8.9
42 silly idealTree ├─┬ xmlbuilder@4.0.0
42 silly idealTree │ └── lodash@3.10.1
42 silly idealTree ├── xmldoc@0.4.0
42 silly idealTree ├── xmldom@0.1.27
42 silly idealTree ├── xpipe@1.0.5
42 silly idealTree ├── xtend@4.0.1
42 silly idealTree ├── y18n@3.2.1
42 silly idealTree ├── yallist@2.1.2
42 silly idealTree ├─┬ yargs-parser@4.2.1
42 silly idealTree │ └── camelcase@3.0.0
42 silly idealTree └─┬ yargs@6.6.0
42 silly idealTree   ├── camelcase@3.0.0
42 silly idealTree   └── cliui@3.2.0
43 silly generateActionsToTake Starting
44 silly install generateActionsToTake
45 silly generateActionsToTake Finishing
46 silly diffTrees action count 0
47 silly decomposeActions action count 0
48 silly runTopLevelLifecycles Starting
49 silly install runPreinstallTopLevelLifecycles
50 silly preinstall react-native-svg-mock@1.0.2 /home/dinokeskic/libraries/react-native-svg-mock/react-native-svg-mock-cfc5c2be
51 info lifecycle react-native-svg-mock@1.0.2~preinstall: react-native-svg-mock@1.0.2
52 silly lifecycle react-native-svg-mock@1.0.2~preinstall: no script for preinstall, continuing
53 silly executeActions Starting
54 silly install executeActions
55 silly doSerial global-install 0
56 silly doParallel fetch 0
57 verbose correctMkdir /home/dinokeskic/.npm/_locks correctMkdir not in flight; initializing
58 verbose lock using /home/dinokeskic/.npm/_locks/staging-2a5c56536f73990c.lock for /home/dinokeskic/libraries/react-native-svg-mock/node_modules/.staging
59 silly doParallel extract 0
60 silly doParallel preinstall 0
61 silly doReverseSerial remove 0
62 silly doSerial move 0
63 silly doSerial finalize 0
64 silly doSerial build 0
65 silly doSerial global-link 0
66 silly doParallel update-linked 0
67 silly doSerial install 0
68 silly doSerial postinstall 0
69 verbose unlock done using /home/dinokeskic/.npm/_locks/staging-2a5c56536f73990c.lock for /home/dinokeskic/libraries/react-native-svg-mock/node_modules/.staging
70 silly executeActions Finishing
71 silly rollbackFailedOptional Starting
72 silly rollbackFailedOptional Finishing
73 silly install runPostinstallTopLevelLifecycles
74 silly build react-native-svg-mock@1.0.2
75 info linkStuff react-native-svg-mock@1.0.2
76 silly linkStuff react-native-svg-mock@1.0.2 has /home/dinokeskic/libraries as its parent node_modules
77 verbose linkBins react-native-svg-mock@1.0.2
78 verbose linkMans react-native-svg-mock@1.0.2
79 silly install react-native-svg-mock@1.0.2 /home/dinokeskic/libraries/react-native-svg-mock/react-native-svg-mock-cfc5c2be
80 info lifecycle react-native-svg-mock@1.0.2~install: react-native-svg-mock@1.0.2
81 silly lifecycle react-native-svg-mock@1.0.2~install: no script for install, continuing
82 silly postinstall react-native-svg-mock@1.0.2 /home/dinokeskic/libraries/react-native-svg-mock/react-native-svg-mock-cfc5c2be
83 info lifecycle react-native-svg-mock@1.0.2~postinstall: react-native-svg-mock@1.0.2
84 silly lifecycle react-native-svg-mock@1.0.2~postinstall: no script for postinstall, continuing
85 silly prepublish react-native-svg-mock@1.0.2 /home/dinokeskic/libraries/react-native-svg-mock/react-native-svg-mock-cfc5c2be
86 info lifecycle react-native-svg-mock@1.0.2~prepublish: react-native-svg-mock@1.0.2
87 verbose lifecycle react-native-svg-mock@1.0.2~prepublish: unsafe-perm in lifecycle true
88 verbose lifecycle react-native-svg-mock@1.0.2~prepublish: PATH: /usr/lib/node_modules/npm/bin/node-gyp-bin:/home/dinokeskic/libraries/react-native-svg-mock/node_modules/.bin:/home/dinokeskic/bin:/home/dinokeskic/.local/bin:/usr/local/sbin:/usr/local/bin:/usr/sbin:/usr/bin:/sbin:/bin:/usr/games:/usr/local/games:/snap/bin:/home/dinokeskic/WebStorm-162.1628.41/bin:/home/dinokeskic/Android/Sdk/tools:/home/dinokeskic/Android/Sdk/platform-tools
89 verbose lifecycle react-native-svg-mock@1.0.2~prepublish: CWD: /home/dinokeskic/libraries/react-native-svg-mock
90 silly lifecycle react-native-svg-mock@1.0.2~prepublish: Args: [ '-c', 'npm run build' ]
91 silly lifecycle react-native-svg-mock@1.0.2~prepublish: Returned: code: 1  signal: null
92 info lifecycle react-native-svg-mock@1.0.2~prepublish: Failed to exec prepublish script
93 warn optional SKIPPING OPTIONAL DEPENDENCY: fsevents@^1.0.0 (node_modules/chokidar/node_modules/fsevents):
94 warn notsup SKIPPING OPTIONAL DEPENDENCY: Unsupported platform for fsevents@1.1.1: wanted {"os":"darwin","arch":"any"} (current: {"os":"linux","arch":"x64"})
95 verbose notsup SKIPPING OPTIONAL DEPENDENCY: Valid OS:    darwin
95 verbose notsup SKIPPING OPTIONAL DEPENDENCY: Valid Arch:  any
95 verbose notsup SKIPPING OPTIONAL DEPENDENCY: Actual OS:   linux
95 verbose notsup SKIPPING OPTIONAL DEPENDENCY: Actual Arch: x64
96 warn react-native@0.43.3 requires a peer of react@16.0.0-alpha.6 but none was installed.
97 verbose If you need help, you may report this error at:
97 verbose     <https://github.com/npm/npm/issues>
98 verbose stack Error: react-native-svg-mock@1.0.2 prepublish: `npm run build`
98 verbose stack Exit status 1
98 verbose stack     at EventEmitter.<anonymous> (/usr/lib/node_modules/npm/lib/utils/lifecycle.js:255:16)
98 verbose stack     at emitTwo (events.js:106:13)
98 verbose stack     at EventEmitter.emit (events.js:191:7)
98 verbose stack     at ChildProcess.<anonymous> (/usr/lib/node_modules/npm/lib/utils/spawn.js:40:14)
98 verbose stack     at emitTwo (events.js:106:13)
98 verbose stack     at ChildProcess.emit (events.js:191:7)
98 verbose stack     at maybeClose (internal/child_process.js:877:16)
98 verbose stack     at Process.ChildProcess._handle.onexit (internal/child_process.js:226:5)
99 verbose pkgid react-native-svg-mock@1.0.2
100 verbose cwd /home/dinokeskic/libraries/react-native-svg-mock
101 error Linux 4.4.0-72-generic
102 error argv "/usr/bin/nodejs" "/usr/bin/npm" "install"
103 error node v6.9.2
104 error npm  v3.10.9
105 error code ELIFECYCLE
106 error react-native-svg-mock@1.0.2 prepublish: `npm run build`
106 error Exit status 1
107 error Failed at the react-native-svg-mock@1.0.2 prepublish script 'npm run build'.
107 error Make sure you have the latest version of node.js and npm installed.
107 error If you do, this is most likely a problem with the react-native-svg-mock package,
107 error not with npm itself.
107 error Tell the author that this fails on your system:
107 error     npm run build
107 error You can get information on how to open an issue for this project with:
107 error     npm bugs react-native-svg-mock
107 error Or if that isn't available, you can get their info via:
107 error     npm owner ls react-native-svg-mock
107 error There is likely additional logging output above.
108 verbose exit [ 1, true ]
